<?xml version="1.0" encoding="UTF-8"?>
<!-- Generated by org.testng.reporters.JUnitReportReporter -->
<testsuite skipped="0" hostname="DESKTOP-S8J8GPP" name="Excel.FetchData" tests="1" failures="0" timestamp="29 Dec 2019 18:59:42 GMT" time="38.104" errors="0">
  <testcase name="fetchTableData" time="38.104" classname="Excel.FetchData"/>
</testsuite> <!-- Excel.FetchData -->
