<?xml version="1.0" encoding="UTF-8"?>
<!-- Generated by org.testng.reporters.JUnitReportReporter -->
<testsuite skipped="0" hostname="DESKTOP-S8J8GPP" name="DataProvider.DataPractis" tests="1" failures="0" timestamp="30 Dec 2019 06:37:14 GMT" time="0.746" errors="0">
  <testcase name="LoginData" time="0.746" classname="DataProvider.DataPractis"/>
</testsuite> <!-- DataProvider.DataPractis -->
