<?xml version="1.0" encoding="UTF-8"?>
<!-- Generated by org.testng.reporters.JUnitReportReporter -->
<testsuite skipped="0" hostname="DESKTOP-S8J8GPP" name="Excel.W3CFetchdata" tests="1" failures="0" timestamp="29 Dec 2019 19:54:20 GMT" time="51.641" errors="0">
  <testcase name="FetchData" time="51.641" classname="Excel.W3CFetchdata"/>
</testsuite> <!-- Excel.W3CFetchdata -->
